capture-logger - DEBUG - started battle, hp1 = 10000, hp2 = 10000
capture-logger - DEBUG - Attack sequence started
capture-logger - DEBUG - pokemon1 dealt 1000.0 dmg, pokemon2 dealt 1100 dmg
capture-logger - DEBUG - hp1 = 9000.0, hp2 = 8900
capture-logger - DEBUG - hp bar updated in battle()
capture-logger - DEBUG - Attack sequence started
capture-logger - DEBUG - pokemon1 dealt 1000.0 dmg, pokemon2 dealt 1100 dmg
capture-logger - DEBUG - hp1 = 8000.0, hp2 = 7800
capture-logger - DEBUG - hp bar updated in battle()
capture-logger - DEBUG - Attack sequence started
capture-logger - DEBUG - pokemon1 dealt 1000.0 dmg, pokemon2 dealt 1100 dmg
capture-logger - DEBUG - hp1 = 7000.0, hp2 = 6700
capture-logger - DEBUG - hp bar updated in battle()
capture-logger - DEBUG - Attack sequence started
capture-logger - DEBUG - pokemon1 dealt 1000.0 dmg, pokemon2 dealt 1100 dmg
capture-logger - DEBUG - hp1 = 6000.0, hp2 = 5600
capture-logger - DEBUG - hp bar updated in battle()
capture-logger - DEBUG - Attack sequence started
capture-logger - DEBUG - pokemon1 dealt 1000.0 dmg, pokemon2 dealt 1100 dmg
capture-logger - DEBUG - hp1 = 5000.0, hp2 = 4500
capture-logger - DEBUG - hp bar updated in battle()
capture-logger - DEBUG - Attack sequence started
capture-logger - DEBUG - pokemon1 dealt 1000.0 dmg, pokemon2 dealt 1100 dmg
capture-logger - DEBUG - hp1 = 4000.0, hp2 = 3400
capture-logger - DEBUG - hp bar updated in battle()
capture-logger - DEBUG - Attack sequence started
capture-logger - DEBUG - pokemon1 dealt 1000.0 dmg, pokemon2 dealt 1100 dmg
capture-logger - DEBUG - hp1 = 3000.0, hp2 = 2300
capture-logger - DEBUG - hp bar updated in battle()
capture-logger - DEBUG - Attack sequence started
capture-logger - DEBUG - pokemon1 dealt 1000.0 dmg, pokemon2 dealt 1100 dmg
capture-logger - DEBUG - hp1 = 2000.0, hp2 = 1200
capture-logger - DEBUG - hp bar updated in battle()
capture-logger - DEBUG - Attack sequence started
capture-logger - DEBUG - pokemon1 dealt 1500.0 dmg, pokemon2 dealt 1100 dmg
capture-logger - DEBUG - hp1 = 500.0, hp2 = 100
capture-logger - DEBUG - hp bar updated in battle()
capture-logger - DEBUG - Attack sequence started
capture-logger - DEBUG - pokemon1 dealt 1000.0 dmg, pokemon2 dealt 1100 dmg
capture-logger - DEBUG - Lose; hp1 = -500.0, hp2 = -1000
capture-logger - DEBUG - hp1 = -500.0, hp2 = -1000
capture-logger - DEBUG - hp bar updated in battle()
capture-logger - DEBUG - started battle, hp1 = 10000, hp2 = 10000
capture-logger - DEBUG - Attack sequence started
capture-logger - DEBUG - pokemon1 dealt 1500.0 dmg, pokemon2 dealt 1100 dmg
capture-logger - DEBUG - hp1 = 8500.0, hp2 = 8900
capture-logger - DEBUG - hp bar updated in battle()
capture-logger - DEBUG - Attack sequence started
capture-logger - DEBUG - pokemon1 dealt 1000.0 dmg, pokemon2 dealt 1100 dmg
capture-logger - DEBUG - hp1 = 7500.0, hp2 = 7800
capture-logger - DEBUG - hp bar updated in battle()
capture-logger - DEBUG - Attack sequence started
capture-logger - DEBUG - pokemon1 dealt 1000.0 dmg, pokemon2 dealt 1100 dmg
capture-logger - DEBUG - hp1 = 6500.0, hp2 = 6700
capture-logger - DEBUG - hp bar updated in battle()
capture-logger - DEBUG - Attack sequence started
capture-logger - DEBUG - pokemon1 dealt 1000.0 dmg, pokemon2 dealt 1100 dmg
capture-logger - DEBUG - hp1 = 5500.0, hp2 = 5600
capture-logger - DEBUG - hp bar updated in battle()
capture-logger - DEBUG - Attack sequence started
capture-logger - DEBUG - pokemon1 dealt 1000.0 dmg, pokemon2 dealt 1100 dmg
capture-logger - DEBUG - hp1 = 4500.0, hp2 = 4500
capture-logger - DEBUG - hp bar updated in battle()
capture-logger - DEBUG - Attack sequence started
capture-logger - DEBUG - pokemon1 dealt 1500.0 dmg, pokemon2 dealt 1100 dmg
capture-logger - DEBUG - hp1 = 3000.0, hp2 = 3400
capture-logger - DEBUG - hp bar updated in battle()
capture-logger - DEBUG - Attack sequence started
capture-logger - DEBUG - pokemon1 dealt 1000.0 dmg, pokemon2 dealt 1100 dmg
capture-logger - DEBUG - hp1 = 2000.0, hp2 = 2300
capture-logger - DEBUG - hp bar updated in battle()
capture-logger - DEBUG - Attack sequence started
capture-logger - DEBUG - pokemon1 dealt 1000.0 dmg, pokemon2 dealt 1100 dmg
capture-logger - DEBUG - hp1 = 1000.0, hp2 = 1200
capture-logger - DEBUG - hp bar updated in battle()
capture-logger - DEBUG - Attack sequence started
capture-logger - DEBUG - pokemon1 dealt 1000.0 dmg, pokemon2 dealt 1100 dmg
capture-logger - DEBUG - Win; hp1 = 0.0, hp2 = 100
capture-logger - DEBUG - hp1 = 0.0, hp2 = 100
capture-logger - DEBUG - hp bar updated in battle()
